<?xml version="1.0" encoding="UTF-8"?>
<!-- Generated by org.testng.reporters.JUnitReportReporter -->
<testsuite skipped="0" hostname="panxideMac-mini.local" name="com.wljs.testcase.AndroidRegressionTesting" tests="4" failures="0" timestamp="03 一月 2020 04:11:40 GMT" time="18.573" errors="1">
  <testcase name="executionCase" time="18.572" classname="com.wljs.testcase.AndroidRegressionTesting"/>
  <testcase name="loginApp" time="0.000" classname="com.wljs.testcase.AndroidRegressionTesting"/>
  <testcase name="endExecutionCase" time="0.001" classname="com.wljs.testcase.AndroidRegressionTesting">
    <error type="java.lang.NullPointerException">
        <![CDATA[java.lang.NullPointerException
at com.wljs.testcase.unitcase.Initialization.stopDevice(Initialization.java:73)
at com.wljs.testcase.AndroidRegressionTesting.endExecutionCase(RegressionAndroidTesting.java:87)
at sun.reflect.NativeMethodAccessorImpl.invoke0(Native Method)
at sun.reflect.NativeMethodAccessorImpl.invoke(NativeMethodAccessorImpl.java:62)
at sun.reflect.DelegatingMethodAccessorImpl.invoke(DelegatingMethodAccessorImpl.java:43)
at java.lang.reflect.Method.invoke(Method.java:498)
at org.testng.internal.MethodInvocationHelper.invokeMethod(MethodInvocationHelper.java:124)
at org.testng.internal.MethodInvocationHelper.invokeMethodConsideringTimeout(MethodInvocationHelper.java:59)
at org.testng.internal.Invoker.invokeConfigurationMethod(Invoker.java:458)
at org.testng.internal.Invoker.invokeConfigurations(Invoker.java:222)
at org.testng.internal.Invoker.invokeConfigurations(Invoker.java:142)
at org.testng.internal.TestMethodWorker.invokeAfterClassMethods(TestMethodWorker.java:214)
at org.testng.internal.TestMethodWorker.run(TestMethodWorker.java:111)
at org.testng.TestRunner.privateRun(TestRunner.java:648)
at org.testng.TestRunner.run(TestRunner.java:505)
at org.testng.SuiteRunner.runTest(SuiteRunner.java:455)
at org.testng.SuiteRunner.runSequentially(SuiteRunner.java:450)
at org.testng.SuiteRunner.privateRun(SuiteRunner.java:415)
at org.testng.SuiteRunner.run(SuiteRunner.java:364)
at org.testng.SuiteRunnerWorker.runSuite(SuiteRunnerWorker.java:52)
at org.testng.SuiteRunnerWorker.run(SuiteRunnerWorker.java:84)
at org.testng.TestNG.runSuitesSequentially(TestNG.java:1208)
at org.testng.TestNG.runSuitesLocally(TestNG.java:1137)
at org.testng.TestNG.runSuites(TestNG.java:1049)
at org.testng.TestNG.run(TestNG.java:1017)
at com.wljs.app.UiautomationApplication.main(UiautomationApplication.java:24)
]]>
    </error>
  </testcase> <!-- endExecutionCase -->
  <testcase name="viewProduct" time="0.000" classname="com.wljs.testcase.AndroidRegressionTesting"/>
</testsuite> <!-- com.wljs.testcase.AndroidRegressionTesting -->
